<?xml version="1.0" encoding="UTF-8"?>
<testng-results ignored="0" total="2" passed="2" failed="0" skipped="0">
  <reporter-output>
  </reporter-output>
  <suite started-at="2022-11-19T15:32:08 IST" name="Suite" finished-at="2022-11-19T15:32:12 IST" duration-ms="4918">
    <groups>
    </groups>
    <test started-at="2022-11-19T15:32:08 IST" name="Test" finished-at="2022-11-19T15:32:12 IST" duration-ms="4918">
      <class name="com.example.tests.App">
        <test-method signature="doSetup()[pri:1, instance:com.example.tests.App@67763ebe]" started-at="2022-11-19T15:32:08 IST" name="doSetup" finished-at="2022-11-19T15:32:12 IST" duration-ms="4534" status="PASS">
          <reporter-output>
          </reporter-output>
        </test-method> <!-- doSetup -->
        <test-method signature="Discover()[pri:2, instance:com.example.tests.App@67763ebe]" started-at="2022-11-19T15:32:12 IST" name="Discover" finished-at="2022-11-19T15:32:12 IST" duration-ms="342" status="PASS">
          <reporter-output>
          </reporter-output>
        </test-method> <!-- Discover -->
      </class> <!-- com.example.tests.App -->
    </test> <!-- Test -->
  </suite> <!-- Suite -->
</testng-results>
