<?xml version="1.0" encoding="UTF-8"?>
<testng-results ignored="0" total="2" passed="2" failed="0" skipped="0">
  <reporter-output>
  </reporter-output>
  <suite started-at="2022-11-28T12:16:00 IST" name="Default suite" finished-at="2022-11-28T12:16:22 IST" duration-ms="21326">
    <groups>
    </groups>
    <test started-at="2022-11-28T12:16:00 IST" name="Default test" finished-at="2022-11-28T12:16:22 IST" duration-ms="21326">
      <class name="com.example.tests.App">
        <test-method is-config="true" signature="setUp()[pri:0, instance:com.example.tests.App@5d7148e2]" started-at="2022-11-28T12:16:00 IST" name="setUp" finished-at="2022-11-28T12:16:04 IST" duration-ms="3864" status="PASS">
          <reporter-output>
          </reporter-output>
        </test-method> <!-- setUp -->
        <test-method signature="login()[pri:1, instance:com.example.tests.App@5d7148e2]" started-at="2022-11-28T12:16:04 IST" name="login" finished-at="2022-11-28T12:16:16 IST" duration-ms="11968" status="PASS">
          <reporter-output>
          </reporter-output>
        </test-method> <!-- login -->
        <test-method signature="buyNFT()[pri:3, instance:com.example.tests.App@5d7148e2]" started-at="2022-11-28T12:16:16 IST" name="buyNFT" finished-at="2022-11-28T12:16:21 IST" duration-ms="5401" status="PASS">
          <reporter-output>
          </reporter-output>
        </test-method> <!-- buyNFT -->
      </class> <!-- com.example.tests.App -->
    </test> <!-- Default test -->
  </suite> <!-- Default suite -->
</testng-results>
